<?xml version="1.0" encoding="UTF-8"?>
<!-- Generated by org.testng.reporters.JUnitXMLReporter -->
<testsuite hostname="DESKTOP-LAD8U54" ignored="2" name="Default test" tests="3" failures="0" timestamp="10 Dec 2021 10:33:39 GMT" time="69.451" errors="0">
  <testcase name="tc3" time="4.146" classname="org.testing.TestNgOrder"/>
  <testcase name="tc3" time="2.586" classname="org.testing.TestNgOrder"/>
  <testcase name="tc3" time="2.676" classname="org.testing.TestNgOrder"/>
  <testcase name="tc2" time="0.0" classname="org.testing.TestNgOrder">
    <ignored/>
  </testcase> <!-- tc2 -->
  <testcase name="tc1" time="0.0" classname="org.testing.TestNgOrder">
    <ignored/>
  </testcase> <!-- tc1 -->
</testsuite> <!-- Default test -->
