<?xml version="1.0" encoding="UTF-8"?>
<testng-results skipped="0" failed="0" ignored="2" total="5" passed="3">
  <reporter-output>
  </reporter-output>
  <suite name="Default suite" duration-ms="69451" started-at="2021-12-10T10:32:29Z" finished-at="2021-12-10T10:33:39Z">
    <groups>
    </groups>
    <test name="Default test" duration-ms="69451" started-at="2021-12-10T10:32:29Z" finished-at="2021-12-10T10:33:39Z">
      <class name="org.testing.TestNgOrder">
        <test-method status="PASS" signature="launchingChrome()[pri:0, instance:org.testing.TestNgOrder@66480dd7]" name="launchingChrome" is-config="true" duration-ms="8616" started-at="2021-12-10T10:32:29Z" finished-at="2021-12-10T10:32:38Z">
          <reporter-output>
          </reporter-output>
        </test-method> <!-- launchingChrome -->
        <test-method status="PASS" signature="startTime()[pri:0, instance:org.testing.TestNgOrder@66480dd7]" name="startTime" is-config="true" duration-ms="928" started-at="2021-12-10T10:32:38Z" finished-at="2021-12-10T10:32:39Z">
          <reporter-output>
          </reporter-output>
        </test-method> <!-- startTime -->
        <test-method status="PASS" signature="tc3()[pri:0, instance:org.testing.TestNgOrder@66480dd7]" name="tc3" duration-ms="4146" started-at="2021-12-10T10:32:39Z" finished-at="2021-12-10T10:32:43Z">
          <reporter-output>
          </reporter-output>
        </test-method> <!-- tc3 -->
        <test-method status="PASS" signature="endTime()[pri:0, instance:org.testing.TestNgOrder@66480dd7]" name="endTime" is-config="true" duration-ms="1" started-at="2021-12-10T10:32:43Z" finished-at="2021-12-10T10:32:43Z">
          <reporter-output>
          </reporter-output>
        </test-method> <!-- endTime -->
        <test-method status="PASS" signature="startTime()[pri:0, instance:org.testing.TestNgOrder@66480dd7]" name="startTime" is-config="true" duration-ms="25266" started-at="2021-12-10T10:32:43Z" finished-at="2021-12-10T10:33:08Z">
          <reporter-output>
          </reporter-output>
        </test-method> <!-- startTime -->
        <test-method status="PASS" signature="tc3()[pri:0, instance:org.testing.TestNgOrder@66480dd7]" name="tc3" duration-ms="2586" started-at="2021-12-10T10:33:08Z" finished-at="2021-12-10T10:33:11Z">
          <reporter-output>
          </reporter-output>
        </test-method> <!-- tc3 -->
        <test-method status="PASS" signature="endTime()[pri:0, instance:org.testing.TestNgOrder@66480dd7]" name="endTime" is-config="true" duration-ms="1" started-at="2021-12-10T10:33:11Z" finished-at="2021-12-10T10:33:11Z">
          <reporter-output>
          </reporter-output>
        </test-method> <!-- endTime -->
        <test-method status="PASS" signature="startTime()[pri:0, instance:org.testing.TestNgOrder@66480dd7]" name="startTime" is-config="true" duration-ms="24733" started-at="2021-12-10T10:33:11Z" finished-at="2021-12-10T10:33:36Z">
          <reporter-output>
          </reporter-output>
        </test-method> <!-- startTime -->
        <test-method status="PASS" signature="tc3()[pri:0, instance:org.testing.TestNgOrder@66480dd7]" name="tc3" duration-ms="2676" started-at="2021-12-10T10:33:36Z" finished-at="2021-12-10T10:33:38Z">
          <reporter-output>
          </reporter-output>
        </test-method> <!-- tc3 -->
        <test-method status="PASS" signature="endTime()[pri:0, instance:org.testing.TestNgOrder@66480dd7]" name="endTime" is-config="true" duration-ms="1" started-at="2021-12-10T10:33:38Z" finished-at="2021-12-10T10:33:38Z">
          <reporter-output>
          </reporter-output>
        </test-method> <!-- endTime -->
        <test-method status="PASS" signature="closingChrome()[pri:0, instance:org.testing.TestNgOrder@66480dd7]" name="closingChrome" is-config="true" duration-ms="421" started-at="2021-12-10T10:33:38Z" finished-at="2021-12-10T10:33:39Z">
          <reporter-output>
          </reporter-output>
        </test-method> <!-- closingChrome -->
      </class> <!-- org.testing.TestNgOrder -->
    </test> <!-- Default test -->
  </suite> <!-- Default suite -->
</testng-results>
